{"/Users/kartikeya/Code/simple-wms/backend/controllers/orders/index.ts": {"path":"/Users/kartikeya/Code/simple-wms/backend/controllers/orders/index.ts","statementMap":{"0":{"start":{"line":3,"column":0},"end":{"line":3,"column":46}},"1":{"start":{"line":5,"column":37},"end":{"line":27,"column":1}},"2":{"start":{"line":6,"column":29},"end":{"line":6,"column":42}},"3":{"start":{"line":7,"column":22},"end":{"line":7,"column":28}},"4":{"start":{"line":8,"column":1},"end":{"line":10,"column":2}},"5":{"start":{"line":9,"column":2},"end":{"line":9,"column":74}},"6":{"start":{"line":9,"column":52},"end":{"line":9,"column":72}},"7":{"start":{"line":11,"column":1},"end":{"line":15,"column":2}},"8":{"start":{"line":12,"column":2},"end":{"line":14,"column":4}},"9":{"start":{"line":13,"column":14},"end":{"line":13,"column":43}},"10":{"start":{"line":16,"column":1},"end":{"line":18,"column":2}},"11":{"start":{"line":17,"column":2},"end":{"line":17,"column":78}},"12":{"start":{"line":17,"column":52},"end":{"line":17,"column":76}},"13":{"start":{"line":19,"column":1},"end":{"line":23,"column":2}},"14":{"start":{"line":20,"column":2},"end":{"line":22,"column":59}},"15":{"start":{"line":24,"column":1},"end":{"line":26,"column":4}},"16":{"start":{"line":39,"column":9},"end":{"line":39,"column":21}},"17":{"start":{"line":29,"column":17},"end":{"line":37,"column":1}},"18":{"start":{"line":30,"column":15},"end":{"line":30,"column":68}},"19":{"start":{"line":30,"column":36},"end":{"line":30,"column":67}},"20":{"start":{"line":31,"column":1},"end":{"line":33,"column":2}},"21":{"start":{"line":32,"column":2},"end":{"line":32,"column":42}},"22":{"start":{"line":34,"column":1},"end":{"line":36,"column":4}},"23":{"start":{"line":39,"column":23},"end":{"line":39,"column":31}}},"fnMap":{"0":{"name":"(anonymous_1)","decl":{"start":{"line":5,"column":37},"end":{"line":5,"column":38}},"loc":{"start":{"line":5,"column":78},"end":{"line":27,"column":1}}},"1":{"name":"(anonymous_2)","decl":{"start":{"line":9,"column":41},"end":{"line":9,"column":42}},"loc":{"start":{"line":9,"column":52},"end":{"line":9,"column":72}}},"2":{"name":"(anonymous_3)","decl":{"start":{"line":13,"column":3},"end":{"line":13,"column":4}},"loc":{"start":{"line":13,"column":14},"end":{"line":13,"column":43}}},"3":{"name":"(anonymous_4)","decl":{"start":{"line":17,"column":41},"end":{"line":17,"column":42}},"loc":{"start":{"line":17,"column":52},"end":{"line":17,"column":76}}},"4":{"name":"(anonymous_5)","decl":{"start":{"line":29,"column":17},"end":{"line":29,"column":18}},"loc":{"start":{"line":29,"column":58},"end":{"line":37,"column":1}}},"5":{"name":"(anonymous_6)","decl":{"start":{"line":30,"column":29},"end":{"line":30,"column":30}},"loc":{"start":{"line":30,"column":36},"end":{"line":30,"column":67}}}},"branchMap":{"0":{"loc":{"start":{"line":8,"column":1},"end":{"line":10,"column":2}},"type":"if","locations":[{"start":{"line":8,"column":1},"end":{"line":10,"column":2}}]},"1":{"loc":{"start":{"line":11,"column":1},"end":{"line":15,"column":2}},"type":"if","locations":[{"start":{"line":11,"column":1},"end":{"line":15,"column":2}}]},"2":{"loc":{"start":{"line":16,"column":1},"end":{"line":18,"column":2}},"type":"if","locations":[{"start":{"line":16,"column":1},"end":{"line":18,"column":2}}]},"3":{"loc":{"start":{"line":19,"column":1},"end":{"line":23,"column":2}},"type":"if","locations":[{"start":{"line":19,"column":1},"end":{"line":23,"column":2}}]},"4":{"loc":{"start":{"line":31,"column":1},"end":{"line":33,"column":2}},"type":"if","locations":[{"start":{"line":31,"column":1},"end":{"line":33,"column":2}}]}},"s":{"0":1,"1":1,"2":5,"3":5,"4":5,"5":1,"6":20,"7":5,"8":2,"9":40,"10":5,"11":1,"12":20,"13":5,"14":4,"15":1,"16":1,"17":1,"18":2,"19":40,"20":2,"21":1,"22":1,"23":1},"f":{"0":5,"1":20,"2":40,"3":20,"4":2,"5":40},"b":{"0":[1],"1":[2],"2":[1],"3":[4],"4":[1]}}
,"/Users/kartikeya/Code/simple-wms/backend/controllers/products/index.ts": {"path":"/Users/kartikeya/Code/simple-wms/backend/controllers/products/index.ts","statementMap":{"0":{"start":{"line":3,"column":0},"end":{"line":3,"column":50}},"1":{"start":{"line":5,"column":23},"end":{"line":7,"column":1}},"2":{"start":{"line":6,"column":1},"end":{"line":6,"column":44}},"3":{"start":{"line":19,"column":9},"end":{"line":19,"column":23}},"4":{"start":{"line":9,"column":19},"end":{"line":17,"column":1}},"5":{"start":{"line":10,"column":17},"end":{"line":10,"column":74}},"6":{"start":{"line":10,"column":40},"end":{"line":10,"column":73}},"7":{"start":{"line":11,"column":1},"end":{"line":13,"column":2}},"8":{"start":{"line":12,"column":2},"end":{"line":12,"column":44}},"9":{"start":{"line":14,"column":1},"end":{"line":16,"column":4}},"10":{"start":{"line":19,"column":25},"end":{"line":19,"column":35}}},"fnMap":{"0":{"name":"(anonymous_1)","decl":{"start":{"line":5,"column":23},"end":{"line":5,"column":24}},"loc":{"start":{"line":5,"column":64},"end":{"line":7,"column":1}}},"1":{"name":"(anonymous_2)","decl":{"start":{"line":9,"column":19},"end":{"line":9,"column":20}},"loc":{"start":{"line":9,"column":60},"end":{"line":17,"column":1}}},"2":{"name":"(anonymous_3)","decl":{"start":{"line":10,"column":33},"end":{"line":10,"column":34}},"loc":{"start":{"line":10,"column":40},"end":{"line":10,"column":73}}}},"branchMap":{"0":{"loc":{"start":{"line":11,"column":1},"end":{"line":13,"column":2}},"type":"if","locations":[{"start":{"line":11,"column":1},"end":{"line":13,"column":2}}]}},"s":{"0":1,"1":1,"2":1,"3":1,"4":1,"5":2,"6":6,"7":2,"8":1,"9":1,"10":1},"f":{"0":1,"1":2,"2":6},"b":{"0":[1]}}
}
