TN:
SF:controllers/orders/index.ts
FN:5,(anonymous_1)
FN:9,(anonymous_2)
FN:13,(anonymous_3)
FN:17,(anonymous_4)
FN:29,(anonymous_5)
FN:30,(anonymous_6)
FNF:6
FNH:6
FNDA:5,(anonymous_1)
FNDA:20,(anonymous_2)
FNDA:40,(anonymous_3)
FNDA:20,(anonymous_4)
FNDA:2,(anonymous_5)
FNDA:40,(anonymous_6)
DA:3,1
DA:5,1
DA:6,5
DA:7,5
DA:8,5
DA:9,20
DA:11,5
DA:12,2
DA:13,40
DA:16,5
DA:17,20
DA:19,5
DA:20,4
DA:24,1
DA:29,1
DA:30,40
DA:31,2
DA:32,1
DA:34,1
DA:39,1
LF:20
LH:20
BRDA:8,0,0,1
BRDA:11,1,0,2
BRDA:16,2,0,1
BRDA:19,3,0,4
BRDA:31,4,0,1
BRF:5
BRH:5
end_of_record
TN:
SF:controllers/products/index.ts
FN:5,(anonymous_1)
FN:9,(anonymous_2)
FN:10,(anonymous_3)
FNF:3
FNH:3
FNDA:1,(anonymous_1)
FNDA:2,(anonymous_2)
FNDA:6,(anonymous_3)
DA:3,1
DA:5,1
DA:6,1
DA:9,1
DA:10,6
DA:11,2
DA:12,1
DA:14,1
DA:19,1
LF:9
LH:9
BRDA:11,0,0,1
BRF:1
BRH:1
end_of_record
